Unable to capture context for thread 6496 in process 4484, can not generate back trace
Unable to capture context for thread 4412 in process 4484, can not generate back trace
Exception at PC 0x00007FFF13EEBB93
Printing stacktrace...

[0]  [0x00007FFF13EEBB93]
[1]  [0x00007FFF13EEBB93]
[2]  [0x00007FFF13EEB4A1]
[3]  [0x00007FFF13EEB3EF]
[4]  [0x00007FFF13ED19FE]
[5]  [0x00007FFF13ED0ED1]
[6]  [0x00007FFF13ED0D76]
[7]  [0x00007FFF13E779F6]
[8]  [0x00007FFF13E67AFB]
[9]  [0x00007FFF13F8E90A]
[10]  [0x00007FFF13FA9F87]
[11]  [0x00007FFF13FAA05F]
[12] (BaseThreadInitThunk+0x14) [0x00007FFF70BA8364]
[13] (RtlUserThreadStart+0x21) [0x00007FFF72DC70D1]
Done
Exception at PC 0x00007FFF13BF1A52
Attemped to write at address 0x00007FFF456DABA4
Printing stacktrace...

[0]  [0x00007FFF13BF1A52]
[1]  [0x00007FFF13BF1A52]
[2]  [0x00007FFF13BF1AD4]
[3]  [0x00007FFF13D33FF7]
[4]  [0x00007FFF13C19128]
[5]  [0x00007FFF13ECDFB9]
[6]  [0x00007FFF1409EF23]
[7]  [0x00007FFF13FAB06B]
[8]  [0x00007FFF13FA08AF]
[9]  [0x00007FFF13FA0A32]
[10] (RtlDeactivateActivationContextUnsafeFast+0x1bf) [0x00007FFF72D8A35F]
[11] (LdrShutdownProcess+0x14b) [0x00007FFF72D6806B]
[12] (RtlExitUserProcess+0xb4) [0x00007FFF72D67D94]
[13] (ExitProcess+0xa) [0x00007FFF70BBCE6A]
[14] (exit+0x85) [0x00007FFF72CFA4A5]
[15] (initterm_e+0x231) [0x00007FFF72CFAB01]
[16]  [0x00000000004014CD]
[17]  [0x000000000040151B]
[18] (BaseThreadInitThunk+0x14) [0x00007FFF70BA8364]
[19] (RtlUserThreadStart+0x21) [0x00007FFF72DC70D1]
Done
